<?xml version="1.0" encoding="UTF-8"?>
<testng-results ignored="0" total="1" passed="1" failed="0" skipped="0">
  <reporter-output>
  </reporter-output>
  <suite started-at="2023-04-11T00:51:38 BDT" name="Default suite" finished-at="2023-04-11T00:54:20 BDT" duration-ms="161627">
    <groups>
    </groups>
    <test started-at="2023-04-11T00:51:38 BDT" name="Default test" finished-at="2023-04-11T00:54:20 BDT" duration-ms="161627">
      <class name="testCases.UserTest">
        <test-method is-config="true" signature="setBrowser()[pri:0, instance:testCases.UserTest@512baff6]" started-at="2023-04-11T00:51:33 BDT" name="setBrowser" finished-at="2023-04-11T00:51:38 BDT" duration-ms="5150" status="PASS">
          <reporter-output>
          </reporter-output>
        </test-method> <!-- setBrowser -->
        <test-method signature="testUser()[pri:0, instance:testCases.UserTest@512baff6]" started-at="2023-04-11T00:51:38 BDT" name="testUser" finished-at="2023-04-11T00:54:20 BDT" duration-ms="161444" status="PASS">
          <reporter-output>
          </reporter-output>
        </test-method> <!-- testUser -->
        <test-method is-config="true" signature="quiteBrowser()[pri:0, instance:testCases.UserTest@512baff6]" started-at="2023-04-11T00:54:20 BDT" name="quiteBrowser" finished-at="2023-04-11T00:54:21 BDT" duration-ms="1002" status="PASS">
          <reporter-output>
          </reporter-output>
        </test-method> <!-- quiteBrowser -->
      </class> <!-- testCases.UserTest -->
    </test> <!-- Default test -->
  </suite> <!-- Default suite -->
</testng-results>
