<?xml version="1.0" encoding="UTF-8"?>
<testng-results ignored="0" total="1" passed="1" failed="0" skipped="0">
  <reporter-output>
  </reporter-output>
  <suite started-at="2023-03-30T21:35:04 BDT" name="Default suite" finished-at="2023-03-30T21:36:11 BDT" duration-ms="67259">
    <groups>
    </groups>
    <test started-at="2023-03-30T21:35:04 BDT" name="Default test" finished-at="2023-03-30T21:36:11 BDT" duration-ms="67259">
      <class name="testCases.HomePageTest">
        <test-method is-config="true" signature="setBrowser()[pri:0, instance:testCases.HomePageTest@291a7e3c]" started-at="2023-03-30T21:34:56 BDT" name="setBrowser" finished-at="2023-03-30T21:35:04 BDT" duration-ms="8072" status="PASS">
          <reporter-output>
          </reporter-output>
        </test-method> <!-- setBrowser -->
        <test-method signature="testHomePageUrl()[pri:0, instance:testCases.HomePageTest@291a7e3c]" started-at="2023-03-30T21:35:04 BDT" name="testHomePageUrl" finished-at="2023-03-30T21:36:11 BDT" duration-ms="67116" status="PASS">
          <reporter-output>
          </reporter-output>
        </test-method> <!-- testHomePageUrl -->
        <test-method is-config="true" signature="quiteBrowser()[pri:0, instance:testCases.HomePageTest@291a7e3c]" started-at="2023-03-30T21:36:12 BDT" name="quiteBrowser" finished-at="2023-03-30T21:36:13 BDT" duration-ms="1374" status="PASS">
          <reporter-output>
          </reporter-output>
        </test-method> <!-- quiteBrowser -->
      </class> <!-- testCases.HomePageTest -->
    </test> <!-- Default test -->
  </suite> <!-- Default suite -->
</testng-results>
